open source     > level 1, order 1, name '/usr/share/texmf/tex/context/base/mkiv/cont-yes.mkiv'
system          > 
system          > ConTeXt  ver: 2019.03.21 21:39 MKIV beta  fmt: 2021.10.16  int: english/english
system          > 
system          > 'cont-new.mkiv' loaded
open source     > level 2, order 2, name '/usr/share/texmf/tex/context/base/mkiv/cont-new.mkiv'
system          > beware: some patches loaded from cont-new.mkiv
close source    > level 2, order 2, name '/usr/share/texmf/tex/context/base/mkiv/cont-new.mkiv'
system          > files > jobname 'Example', input './Example.xml', result 'Example'
fonts           > latin modern fonts are not preloaded
languages       > language 'en' is active
open source     > level 2, order 3, name 'environment.tex'
check           > missing or ungrouped '=' after 'fr' in line '5 (42>en)'
open source     > level 3, order 4, name '../tools/pandoc-xhtml/pandoc-xhtml.tex'
selectfont      > The requested font 'TypographyTribute' has no files for the 'tf' alternative, Latin Modern is used instead.
close source    > level 3, order 4, name '../tools/pandoc-xhtml/pandoc-xhtml.tex'
open source     > level 3, order 5, name '../cs-report.tex'
modules         > 'vim' is loaded
open source     > level 4, order 6, name '/usr/share/texmf/tex/context/third/vim/t-vim.tex'
loading         > Vim syntax highlighting (ver: 2018.04.17)
modules         > 'filter' is loaded
open source     > level 5, order 7, name '/usr/share/texmf/tex/context/third/filter/t-filter.mkiv'
loading         > Filter (ver: 2018.08.10)
modules         > 'module-catcodes' is loaded
open source     > level 6, order 8, name '/usr/share/texmf/tex/context/third/filter/t-module-catcodes.mkiv'
loading         > Module Catcodes (ver: 2018.04.16)
close source    > level 6, order 8, name '/usr/share/texmf/tex/context/third/filter/t-module-catcodes.mkiv'
close source    > level 5, order 8, name '/usr/share/texmf/tex/context/third/filter/t-filter.mkiv'
modules         > 'syntax-highlight' is loaded
open source     > level 5, order 9, name '/usr/share/texmf/tex/context/third/vim/t-syntax-highlight.mkiv'
loading         > Code syntax highlighting (ver: 2018.08.10)
modules         > 'syntax-groups' is loaded
open source     > level 6, order 10, name '/usr/share/texmf/tex/context/third/vim/t-syntax-groups.tex'
loading         > Syntax highlighting groups (ver: 2012.05.06)
modules         > 'module-catcodes' is already loaded
close source    > level 6, order 10, name '/usr/share/texmf/tex/context/third/vim/t-syntax-groups.tex'
modules         > 'filter' is already loaded
close source    > level 5, order 10, name '/usr/share/texmf/tex/context/third/vim/t-syntax-highlight.mkiv'
close source    > level 4, order 10, name '/usr/share/texmf/tex/context/third/vim/t-vim.tex'
close source    > level 3, order 10, name '../cs-report.tex'
open source     > level 3, order 11, name '/home/joan/HEIG/code-report-ConTeXt-env/example/template-eivd/format.tex'
close source    > level 3, order 11, name '/home/joan/HEIG/code-report-ConTeXt-env/example/template-eivd/format.tex'
open source     > level 3, order 12, name '/home/joan/HEIG/code-report-ConTeXt-env/example/template-eivd/titlepage.tex'
close source    > level 3, order 12, name '/home/joan/HEIG/code-report-ConTeXt-env/example/template-eivd/titlepage.tex'
fonts           > typescripts > unknown library 'timew'
fonts           > preloading latin modern fonts (third stage)
fonts           > 'fallback modern-designsize rm 11pt' is loaded
close source    > level 2, order 12, name 'environment.tex'
sandbox         > call > processing as xml: ./Example.xml
close source    > level 1, order 12, name '/usr/share/texmf/tex/context/base/mkiv/cont-yes.mkiv'
backend         > xmp > using file '/usr/share/texmf/tex/context/base/mkiv/lpdf-pdx.xml'
pages           > flushing realpage 1, userpage 1, subpage 1
structure       > sectioning > intro @ level 2 : 0.0 -> Section 1
pages           > flushing realpage 2, userpage 1, subpage 2

system          > start used files

system          > text: Example

system          > stop used files


system          > start used files

system          >    1: filename=char-prv.lua filetype=tex format=tex foundname=/usr/share/texmf/tex/context/base/mkiv/char-prv.lua fullname=/usr/share/texmf/tex/context/base/mkiv/char-prv.lua usedmethod=database
system          >    2: filename=cont-yes.mkiv filetype=tex foundname=/usr/share/texmf/tex/context/base/mkiv/cont-yes.mkiv fullname=/usr/share/texmf/tex/context/base/mkiv/cont-yes.mkiv usedmethod=database
system          >    3: filename=publ-imp-default.lua filetype=lua foundname=/usr/share/texmf/tex/context/base/mkiv/publ-imp-default.lua fullname=/usr/share/texmf/tex/context/base/mkiv/publ-imp-default.lua usedmethod=database
system          >    4: filename=cont-new.mkiv filetype=tex foundname=/usr/share/texmf/tex/context/base/mkiv/cont-new.mkiv fullname=/usr/share/texmf/tex/context/base/mkiv/cont-new.mkiv usedmethod=database
system          >    5: filename=lang-exc.lua filetype=lua foundname=/usr/share/texmf/tex/context/base/mkiv/lang-exc.lua fullname=/usr/share/texmf/tex/context/base/mkiv/lang-exc.lua usedmethod=database
system          >    6: filename=lang-us.lua filetype=lua foundname=/usr/share/texmf/tex/context/patterns/mkiv/lang-us.lua fullname=/usr/share/texmf/tex/context/patterns/mkiv/lang-us.lua usedmethod=database
system          >    7: filename=environment.tex foundname=environment.tex fullname=/home/joan/HEIG/code-report-ConTeXt-env/example/environment.tex usedmethod=direct
system          >    8: filename=lang-fr.lua filetype=lua foundname=/usr/share/texmf/tex/context/patterns/mkiv/lang-fr.lua fullname=/usr/share/texmf/tex/context/patterns/mkiv/lang-fr.lua usedmethod=database
system          >    9: filename=../tools/pandoc-xhtml/pandoc-xhtml.tex foundname=../tools/pandoc-xhtml/pandoc-xhtml.tex fullname=/home/joan/HEIG/code-report-ConTeXt-env/tools/pandoc-xhtml/pandoc-xhtml.tex usedmethod=direct
system          >   10: filename=lm.lfg filetype=tex foundname=/usr/share/texmf/tex/context/fonts/mkiv/lm.lfg fullname=/usr/share/texmf/tex/context/fonts/mkiv/lm.lfg usedmethod=database
system          >   11: filename=../cs-report.tex foundname=../cs-report.tex fullname=/home/joan/HEIG/code-report-ConTeXt-env/cs-report.tex usedmethod=direct
system          >   12: filename=t-vim.tex filetype=tex foundname=/usr/share/texmf/tex/context/third/vim/t-vim.tex fullname=/usr/share/texmf/tex/context/third/vim/t-vim.tex usedmethod=database
system          >   13: filename=t-filter.mkiv filetype=tex foundname=/usr/share/texmf/tex/context/third/filter/t-filter.mkiv fullname=/usr/share/texmf/tex/context/third/filter/t-filter.mkiv usedmethod=database
system          >   14: filename=t-module-catcodes.mkiv filetype=tex foundname=/usr/share/texmf/tex/context/third/filter/t-module-catcodes.mkiv fullname=/usr/share/texmf/tex/context/third/filter/t-module-catcodes.mkiv usedmethod=database
system          >   15: filename=t-syntax-highlight.mkiv filetype=tex foundname=/usr/share/texmf/tex/context/third/vim/t-syntax-highlight.mkiv fullname=/usr/share/texmf/tex/context/third/vim/t-syntax-highlight.mkiv usedmethod=database
system          >   16: filename=t-syntax-groups.tex filetype=tex foundname=/usr/share/texmf/tex/context/third/vim/t-syntax-groups.tex fullname=/usr/share/texmf/tex/context/third/vim/t-syntax-groups.tex usedmethod=database
system          >   17: filename=/home/joan/HEIG/code-report-ConTeXt-env/example/template-eivd/format.tex foundname=/home/joan/HEIG/code-report-ConTeXt-env/example/template-eivd/format.tex fullname=/home/joan/HEIG/code-report-ConTeXt-env/example/template-eivd/format.tex usedmethod=direct
system          >   18: filename=/home/joan/HEIG/code-report-ConTeXt-env/example/template-eivd/titlepage.tex foundname=/home/joan/HEIG/code-report-ConTeXt-env/example/template-eivd/titlepage.tex fullname=/home/joan/HEIG/code-report-ConTeXt-env/example/template-eivd/titlepage.tex usedmethod=direct
system          >   19: filename=lmroman10-regular filetype=otf format=otf foundname=/usr/share/texmf/fonts/opentype/public/lm/lmroman10-regular.otf fullname=/usr/share/texmf/fonts/opentype/public/lm/lmroman10-regular.otf usedmethod=database
system          >   20: filename=latinmodern-math.otf filetype=opentypefonts foundname=/usr/share/texmf/fonts/opentype/public/lm-math/latinmodern-math.otf fullname=/usr/share/texmf/fonts/opentype/public/lm-math/latinmodern-math.otf usedmethod=database
system          >   21: filename=Example.xml foundname=Example.xml fullname=/home/joan/HEIG/code-report-ConTeXt-env/example/Example.xml usedmethod=direct
system          >   22: filename=images/HEIG-VD-logo.png format=tex foundname=images/HEIG-VD-logo.png fullname=/home/joan/HEIG/code-report-ConTeXt-env/example/images/HEIG-VD-logo.png usedmethod=direct
system          >   23: filename=lmromancaps10-regular filetype=otf format=otf foundname=/usr/share/texmf/fonts/opentype/public/lm/lmromancaps10-regular.otf fullname=/usr/share/texmf/fonts/opentype/public/lm/lmromancaps10-regular.otf usedmethod=database
system          >   24: filename=lmroman10-bold filetype=otf format=otf foundname=/usr/share/texmf/fonts/opentype/public/lm/lmroman10-bold.otf fullname=/usr/share/texmf/fonts/opentype/public/lm/lmroman10-bold.otf usedmethod=database
system          >   25: filename=lmromanslant10-regular filetype=otf format=otf foundname=/usr/share/texmf/fonts/opentype/public/lm/lmromanslant10-regular.otf fullname=/usr/share/texmf/fonts/opentype/public/lm/lmromanslant10-regular.otf usedmethod=database
system          >   26: filename=pdftex.map filetype=map format=map foundname=/usr/share/texlive/texmf-dist/fonts/map/pdftex/updmap/pdftex.map fullname=/usr/share/texlive/texmf-dist/fonts/map/pdftex/updmap/pdftex.map usedmethod=database
system          >   27: filename=lpdf-pdx.xml filetype=tex foundname=/usr/share/texmf/tex/context/base/mkiv/lpdf-pdx.xml fullname=/usr/share/texmf/tex/context/base/mkiv/lpdf-pdx.xml usedmethod=database
system          >   28: filename=images/HES-SO-logo.jpg format=tex foundname=images/HES-SO-logo.jpg fullname=/home/joan/HEIG/code-report-ConTeXt-env/example/images/HES-SO-logo.jpg usedmethod=direct

system          > stop used files


system          > start commandline options

system          > currentrun="1"
system          > environment="environment.tex"
system          > fulljobname="./Example.xml"
system          > input="./Example.xml"
system          > kindofrun="1"
system          > maxnofruns="9"
system          > texmfbinpath="/usr/bin"

system          > stop commandline options


system          > start commandline files

system          >    1: ./Example.xml

system          > stop commandline files


modules         > start used modules

modules         > loaded : *-filter
modules         > loaded : *-module-catcodes
modules         > loaded : *-syntax-groups
modules         > loaded : *-syntax-highlight
modules         > loaded : *-vim

modules         > stop used modules


mkiv lua stats  > used config file: /usr/share/texmf/web2c/texmfcnf.lua;/usr/share/texlive/texmf-dist/web2c/texmfcnf.lua
mkiv lua stats  > used cache path: readable: '/var/lib/texmf/luatex-cache/context/b47c3d3cee7cb6c86268d0595268c442' | readable+writable: '/home/joan/.texlive2019/texmf-var/luatex-cache/context/b47c3d3cee7cb6c86268d0595268c442'
mkiv lua stats  > resource resolver: loadtime 0.008 seconds, 0 scans with scantime 0.000 seconds, 0 shared scans, 28 found files, scanned paths: <none>
mkiv lua stats  > stored bytecode data: 443 modules (0.204 sec), 93 tables (0.012 sec), 536 chunks (0.216 sec)
mkiv lua stats  > traced context: maxstack: 1371, freed: 2, unreachable: 1369
mkiv lua stats  > cleaned up reserved nodes: 53 nodes, 9 lists of 440
mkiv lua stats  > node memory usage: 1 glue, 3 kern, 2 penalty, 14 attribute, 50 glue_spec, 4 attribute_list, 2 temp, 2 user_defined
mkiv lua stats  > node list callback tasks: 8 unique task lists, 10 instances (re)created, 237 calls
mkiv lua stats  > driver time: 0.072 seconds 
mkiv lua stats  > used backend: pdf (backend for directly generating pdf output)
mkiv lua stats  > jobdata time: 0.001 seconds saving, 0.000 seconds loading
mkiv lua stats  > callbacks: internal: 968, file: 3048, direct: 13, late: 4, function 1289, total: 5322 (5322 per page)
mkiv lua stats  > randomizer: resumed with value 0.1978898467496
mkiv lua stats  > loaded tex modules: 5 requested, all found (*-filter *-module-catcodes *-syntax-groups *-syntax-highlight *-vim)
mkiv lua stats  > result saved in file: Example.pdf, compresslevel 3, objectcompresslevel 1
mkiv lua stats  > loaded patterns: en::1 fr::55, load time: 0.000
mkiv lua stats  > xml load time: 0.001 seconds, 1 files, 1 converted
mkiv lua stats  > lxml preparation time: 0.003 seconds, 27 nodes, 115 lpath calls, 7 cached calls
mkiv lua stats  > loaded fonts: 5 files: latinmodern-math.otf, lmroman10-bold.otf, lmroman10-regular.otf, lmromancaps10-regular.otf, lmromanslant10-regular.otf
mkiv lua stats  > font engine: otf 3.107, afm 1.513, tfm 1.000, 15 instances, 8 shared in backend, 3 common vectors, 5 common hashes, load time 0.182 seconds 
mkiv lua stats  > graphics processing time: 0.002 seconds including tex, 3 processed images, 2 unique asked, 2 bad names
mkiv lua stats  > used platform: linux-64, type: unix, binary subtree: usr
mkiv lua stats  > used engine: luatex version 1.1 with functionality level 7127, banner: this is luatex, version 1.10.0 (tex live 2019/debian)
mkiv lua stats  > control sequences: 47190 of 65536 + 100000
mkiv lua stats  > lua properties: engine: lua 5.3, used memory: 82 MB (ctx: 82 MB), hash chars: min(64,40), symbol mask: utf (τεχ)
mkiv lua stats  > runtime: 0.638 seconds, 2 processed pages, 2 shipped pages, 3.135 pages/second

